  main.cpp
C:\Users\student\Desktop\kb_fullstack\algorithm\trainingfield\trainingfield\main.cpp(26,13): error C2556: 'const T Array<T,100>::operator [](const int &)': 오버로드된 함수가 'T &Array<T,100>::operator [](const int &)'과(와) 반환 형식만 다릅니다.
C:\Users\student\Desktop\kb_fullstack\algorithm\trainingfield\trainingfield\main.cpp(26,13): error C2556:         with
C:\Users\student\Desktop\kb_fullstack\algorithm\trainingfield\trainingfield\main.cpp(26,13): error C2556:         [
C:\Users\student\Desktop\kb_fullstack\algorithm\trainingfield\trainingfield\main.cpp(26,13): error C2556:             T=int
C:\Users\student\Desktop\kb_fullstack\algorithm\trainingfield\trainingfield\main.cpp(26,13): error C2556:         ]
      C:\Users\student\Desktop\kb_fullstack\algorithm\trainingfield\trainingfield\main.cpp(17,8):
      'Array<int,100>::operator []' 선언을 참조하십시오.
      C:\Users\student\Desktop\kb_fullstack\algorithm\trainingfield\trainingfield\main.cpp(26,13):
      템플릿 인스턴스화 컨텍스트(가장 오래된 인스턴스화 컨텍스트)가
          C:\Users\student\Desktop\kb_fullstack\algorithm\trainingfield\trainingfield\main.cpp(41,21):
          컴파일되는 클래스 템플릿 인스턴스화 'Array<int,100>'에 대한 참조를 확인하세요.
  
C:\Users\student\Desktop\kb_fullstack\algorithm\trainingfield\trainingfield\main.cpp(26,13): error C2373: 'Array<int,100>::operator []': 재정의. 형식 한정자가 다릅니다.
      C:\Users\student\Desktop\kb_fullstack\algorithm\trainingfield\trainingfield\main.cpp(17,8):
      'Array<int,100>::operator []' 선언을 참조하십시오.
  
C:\Users\student\Desktop\kb_fullstack\algorithm\trainingfield\trainingfield\main.cpp(27,9): error C2059: 구문 오류: 'if'
C:\Users\student\Desktop\kb_fullstack\algorithm\trainingfield\trainingfield\main.cpp(27,39): error C2334: '{' 앞에 예기치 않은 토큰이 있습니다. 명백한 함수 본문을 건너뜁니다.
C:\Users\student\Desktop\kb_fullstack\algorithm\trainingfield\trainingfield\main.cpp(30,9): error C2059: 구문 오류: 'else'
C:\Users\student\Desktop\kb_fullstack\algorithm\trainingfield\trainingfield\main.cpp(30,14): error C2334: '{' 앞에 예기치 않은 토큰이 있습니다. 명백한 함수 본문을 건너뜁니다.
C:\Users\student\Desktop\kb_fullstack\algorithm\trainingfield\trainingfield\main.cpp(37,1): error C2143: 구문 오류: ';'이(가) '}' 앞에 없습니다.
C:\Users\student\Desktop\kb_fullstack\algorithm\trainingfield\trainingfield\main.cpp(43,19): error C2264: 'Array<int,100>::operator []': 함수 정의 또는 선언에 오류가 있습니다. 함수가 호출되지 않습니다.
C:\Users\student\Desktop\kb_fullstack\algorithm\trainingfield\trainingfield\main.cpp(43,19): error C2088: 기본 제공 연산자 '['은(는) 'Array<int,100>' 형식의 피연산자에 적용될 수 없습니다.
C:\Users\student\Desktop\kb_fullstack\algorithm\trainingfield\trainingfield\main.cpp(45,12): error C2264: 'Array<int,100>::operator []': 함수 정의 또는 선언에 오류가 있습니다. 함수가 호출되지 않습니다.
C:\Users\student\Desktop\kb_fullstack\algorithm\trainingfield\trainingfield\main.cpp(45,12): error C2088: 기본 제공 연산자 '['은(는) 'Array<int,100>' 형식의 피연산자에 적용될 수 없습니다.
C:\Users\student\Desktop\kb_fullstack\algorithm\trainingfield\trainingfield\main.cpp(46,11): error C2264: 'Array<int,100>::operator []': 함수 정의 또는 선언에 오류가 있습니다. 함수가 호출되지 않습니다.
C:\Users\student\Desktop\kb_fullstack\algorithm\trainingfield\trainingfield\main.cpp(46,11): error C2088: 기본 제공 연산자 '['은(는) 'Array<int,100>' 형식의 피연산자에 적용될 수 없습니다.
C:\Users\student\Desktop\kb_fullstack\algorithm\trainingfield\trainingfield\main.cpp(48,19): error C2264: 'Array<int,100>::operator []': 함수 정의 또는 선언에 오류가 있습니다. 함수가 호출되지 않습니다.
C:\Users\student\Desktop\kb_fullstack\algorithm\trainingfield\trainingfield\main.cpp(48,19): error C2088: 기본 제공 연산자 '['은(는) 'Array<int,100>' 형식의 피연산자에 적용될 수 없습니다.
